2015-09-01 00:25:31 +08:00: Example app listening at http://:::3000
2015-09-01 00:25:34 +08:00: [0mGET / [32m200 [0m258.410 ms - 1091[0m
2015-09-01 00:25:34 +08:00: [0mGET /components/bootstrap/dist/css/bootstrap-theme.min.css [32m200 [0m10.667 ms - 23357[0m
2015-09-01 00:25:34 +08:00: [0mGET /stylesheets/style.css [32m200 [0m12.208 ms - 671[0m
2015-09-01 00:25:34 +08:00: [0mGET /components/bootstrap/dist/css/bootstrap.min.css [32m200 [0m12.190 ms - 122540[0m
2015-09-01 00:25:34 +08:00: [0mGET /components/bootstrap/dist/js/bootstrap.min.js [32m200 [0m7.552 ms - 36816[0m
2015-09-01 00:25:34 +08:00: [0mGET /components/flat-ui/dist/css/flat-ui.min.css [32m200 [0m12.541 ms - 130026[0m
2015-09-01 00:25:34 +08:00: [0mGET /components/jquery/dist/jquery.min.js [32m200 [0m9.145 ms - 84380[0m
2015-09-01 00:25:34 +08:00: [0mGET /components/flat-ui/dist/js/flat-ui.min.js [32m200 [0m1.448 ms - 221872[0m
2015-09-01 00:25:34 +08:00: [0mGET /javascripts/index.js [32m200 [0m1.261 ms - 2421[0m
2015-09-01 00:25:34 +08:00: [0mGET /components/bootstrap/dist/fonts/glyphicons-halflings-regular.woff2 [32m200 [0m0.595 ms - 18028[0m
2015-09-01 00:25:35 +08:00: [0mGET /components/jquery/dist/jquery.min.map [36m304 [0m1.732 ms - -[0m
2015-09-01 00:25:40 +08:00: [0mGET /new [32m200 [0m92.453 ms - 3601[0m
2015-09-01 00:25:41 +08:00: [0mGET /components/bootstrap/dist/css/bootstrap-theme.min.css [32m200 [0m5.149 ms - 23357[0m
2015-09-01 00:25:41 +08:00: [0mGET /stylesheets/style.css [32m200 [0m4.502 ms - 671[0m
2015-09-01 00:25:41 +08:00: [0mGET /components/bootstrap/dist/js/bootstrap.min.js [32m200 [0m2.503 ms - 36816[0m
[0mGET /components/jquery/dist/jquery.min.js [32m200 [0m3.775 ms - 84380[0m
2015-09-01 00:25:41 +08:00: [0mGET /components/flat-ui/dist/css/flat-ui.min.css [32m200 [0m5.149 ms - 130026[0m
2015-09-01 00:25:41 +08:00: [0mGET /components/bootstrap/dist/css/bootstrap.min.css [32m200 [0m6.208 ms - 122540[0m
2015-09-01 00:25:41 +08:00: [0mGET /javascripts/index.js [32m200 [0m1.536 ms - 2421[0m
2015-09-01 00:25:41 +08:00: [0mGET /components/flat-ui/dist/js/flat-ui.min.js [32m200 [0m1.656 ms - 221872[0m
2015-09-01 00:25:41 +08:00: [0mGET /components/distpicker/dist/distpicker.min.js [32m200 [0m1.520 ms - 3111[0m
2015-09-01 00:25:41 +08:00: [0mGET /components/distpicker/dist/distpicker.data.min.js [32m200 [0m2.353 ms - 77656[0m
2015-09-01 00:25:41 +08:00: [0mGET /components/jquery/dist/jquery.min.map [36m304 [0m0.556 ms - -[0m
2015-09-01 00:25:41 +08:00: [0mGET /components/flat-ui/dist/fonts/lato/lato-regular.woff [32m200 [0m2.965 ms - 35464[0m
2015-09-01 00:25:41 +08:00: [0mGET /components/bootstrap/dist/fonts/glyphicons-halflings-regular.woff2 [32m200 [0m1.791 ms - 18028[0m
2015-09-01 00:27:42 +08:00: [0mGET /new [32m200 [0m47.145 ms - 3629[0m
2015-09-01 00:27:42 +08:00: [0mGET /components/bootstrap/dist/css/bootstrap-theme.min.css [32m200 [0m2.609 ms - 23357[0m
2015-09-01 00:27:42 +08:00: [0mGET /stylesheets/style.css [32m200 [0m2.431 ms - 671[0m
2015-09-01 00:27:42 +08:00: [0mGET /components/bootstrap/dist/css/bootstrap.min.css [32m200 [0m4.266 ms - 122540[0m
2015-09-01 00:27:42 +08:00: [0mGET /components/bootstrap/dist/js/bootstrap.min.js [32m200 [0m1.959 ms - 36816[0m
2015-09-01 00:27:42 +08:00: [0mGET /components/jquery/dist/jquery.min.js [32m200 [0m2.277 ms - 84380[0m
2015-09-01 00:27:42 +08:00: [0mGET /components/flat-ui/dist/css/flat-ui.min.css [32m200 [0m2.619 ms - 130026[0m
2015-09-01 00:27:42 +08:00: [0mGET /components/flat-ui/dist/js/flat-ui.min.js [32m200 [0m1.189 ms - 221872[0m
2015-09-01 00:27:42 +08:00: [0mGET /javascripts/index.js [32m200 [0m0.580 ms - 2421[0m
2015-09-01 00:27:42 +08:00: [0mGET /components/distpicker/dist/distpicker.min.js [32m200 [0m1.552 ms - 3111[0m
2015-09-01 00:27:42 +08:00: [0mGET /components/distpicker/dist/distpicker.data.min.js [32m200 [0m1.519 ms - 77656[0m
2015-09-01 00:27:42 +08:00: [0mGET /components/flat-ui/dist/fonts/lato/lato-regular.woff [32m200 [0m0.833 ms - 35464[0m
2015-09-01 00:27:42 +08:00: [0mGET /components/bootstrap/dist/fonts/glyphicons-halflings-regular.woff2 [32m200 [0m0.590 ms - 18028[0m
2015-09-01 00:27:42 +08:00: [0mGET /components/jquery/dist/jquery.min.map [36m304 [0m0.508 ms - -[0m
2015-09-01 00:28:28 +08:00: [0mGET /new [32m200 [0m36.678 ms - 3650[0m
2015-09-01 00:28:28 +08:00: [0mGET /components/bootstrap/dist/css/bootstrap-theme.min.css [32m200 [0m2.933 ms - 23357[0m
2015-09-01 00:28:28 +08:00: [0mGET /stylesheets/style.css [32m200 [0m3.305 ms - 671[0m
2015-09-01 00:28:28 +08:00: [0mGET /components/jquery/dist/jquery.min.js [32m200 [0m3.063 ms - 84380[0m
2015-09-01 00:28:28 +08:00: [0mGET /components/bootstrap/dist/js/bootstrap.min.js [32m200 [0m1.994 ms - 36816[0m
[0mGET /components/flat-ui/dist/css/flat-ui.min.css [32m200 [0m3.333 ms - 130026[0m
[0mGET /components/bootstrap/dist/css/bootstrap.min.css [32m200 [0m3.216 ms - 122540[0m
2015-09-01 00:28:28 +08:00: [0mGET /components/flat-ui/dist/js/flat-ui.min.js [32m200 [0m0.418 ms - 221872[0m
2015-09-01 00:28:28 +08:00: [0mGET /javascripts/index.js [32m200 [0m0.466 ms - 2421[0m
2015-09-01 00:28:28 +08:00: [0mGET /components/distpicker/dist/distpicker.data.min.js [32m200 [0m1.966 ms - 77656[0m
2015-09-01 00:28:28 +08:00: [0mGET /components/distpicker/dist/distpicker.min.js [32m200 [0m0.800 ms - 3111[0m
2015-09-01 00:28:28 +08:00: [0mGET /components/bootstrap/dist/fonts/glyphicons-halflings-regular.woff2 [32m200 [0m1.168 ms - 18028[0m
2015-09-01 00:28:28 +08:00: [0mGET /components/flat-ui/dist/fonts/lato/lato-regular.woff [32m200 [0m1.283 ms - 35464[0m
2015-09-01 00:28:29 +08:00: [0mGET /components/jquery/dist/jquery.min.map [36m304 [0m0.391 ms - -[0m
2015-09-01 00:28:52 +08:00: [0mGET /new [32m200 [0m36.206 ms - 3670[0m
2015-09-01 00:28:52 +08:00: [0mGET /components/bootstrap/dist/css/bootstrap-theme.min.css [32m200 [0m3.248 ms - 23357[0m
2015-09-01 00:28:52 +08:00: [0mGET /stylesheets/style.css [32m200 [0m2.331 ms - 671[0m
2015-09-01 00:28:52 +08:00: [0mGET /components/bootstrap/dist/js/bootstrap.min.js [32m200 [0m2.469 ms - 36816[0m
2015-09-01 00:28:52 +08:00: [0mGET /components/jquery/dist/jquery.min.js [32m200 [0m2.708 ms - 84380[0m
2015-09-01 00:28:52 +08:00: [0mGET /components/bootstrap/dist/css/bootstrap.min.css [32m200 [0m4.993 ms - 122540[0m
2015-09-01 00:28:52 +08:00: [0mGET /components/flat-ui/dist/css/flat-ui.min.css [32m200 [0m3.072 ms - 130026[0m
2015-09-01 00:28:52 +08:00: [0mGET /javascripts/index.js [32m200 [0m0.502 ms - 2421[0m
2015-09-01 00:28:52 +08:00: [0mGET /components/flat-ui/dist/js/flat-ui.min.js [32m200 [0m0.675 ms - 221872[0m
2015-09-01 00:28:52 +08:00: [0mGET /components/distpicker/dist/distpicker.min.js [32m200 [0m0.949 ms - 3111[0m
2015-09-01 00:28:52 +08:00: [0mGET /components/distpicker/dist/distpicker.data.min.js [32m200 [0m1.190 ms - 77656[0m
2015-09-01 00:28:52 +08:00: [0mGET /components/flat-ui/dist/fonts/lato/lato-regular.woff [32m200 [0m1.572 ms - 35464[0m
2015-09-01 00:28:52 +08:00: [0mGET /components/bootstrap/dist/fonts/glyphicons-halflings-regular.woff2 [32m200 [0m1.499 ms - 18028[0m
2015-09-01 00:28:52 +08:00: [0mGET /components/jquery/dist/jquery.min.map [36m304 [0m0.331 ms - -[0m
2015-09-01 00:30:12 +08:00: [0mGET /new [31m500 [0m21.105 ms - 3591[0m
2015-09-01 00:30:12 +08:00: [0mGET /components/bootstrap/dist/css/bootstrap.min.css [32m200 [0m0.793 ms - 122540[0m
2015-09-01 00:30:12 +08:00: [0mGET /components/bootstrap/dist/css/bootstrap-theme.min.css [32m200 [0m0.475 ms - 23357[0m
2015-09-01 00:30:12 +08:00: [0mGET /stylesheets/style.css [32m200 [0m0.729 ms - 671[0m
2015-09-01 00:30:12 +08:00: [0mGET /components/flat-ui/dist/css/flat-ui.min.css [32m200 [0m0.955 ms - 130026[0m
2015-09-01 00:30:12 +08:00: [0mGET /components/bootstrap/dist/js/bootstrap.min.js [32m200 [0m1.631 ms - 36816[0m
2015-09-01 00:30:12 +08:00: [0mGET /components/jquery/dist/jquery.min.js [32m200 [0m1.788 ms - 84380[0m
2015-09-01 00:30:12 +08:00: [0mGET /javascripts/index.js [32m200 [0m0.635 ms - 2421[0m
2015-09-01 00:30:12 +08:00: [0mGET /components/flat-ui/dist/js/flat-ui.min.js [32m200 [0m0.766 ms - 221872[0m
2015-09-01 00:30:12 +08:00: [0mGET /components/jquery/dist/jquery.min.map [36m304 [0m0.300 ms - -[0m
2015-09-01 00:30:37 +08:00: [0mGET /new [32m200 [0m35.918 ms - 3767[0m
2015-09-01 00:30:37 +08:00: [0mGET /components/bootstrap/dist/css/bootstrap.min.css [32m200 [0m0.533 ms - 122540[0m
2015-09-01 00:30:37 +08:00: [0mGET /components/bootstrap/dist/css/bootstrap-theme.min.css [32m200 [0m3.841 ms - 23357[0m
2015-09-01 00:30:37 +08:00: [0mGET /stylesheets/style.css [32m200 [0m2.924 ms - 671[0m
2015-09-01 00:30:37 +08:00: [0mGET /components/bootstrap/dist/js/bootstrap.min.js [32m200 [0m2.961 ms - 36816[0m
2015-09-01 00:30:37 +08:00: [0mGET /components/jquery/dist/jquery.min.js [32m200 [0m3.121 ms - 84380[0m
2015-09-01 00:30:37 +08:00: [0mGET /components/flat-ui/dist/css/flat-ui.min.css [32m200 [0m3.288 ms - 130026[0m
2015-09-01 00:30:37 +08:00: [0mGET /components/flat-ui/dist/js/flat-ui.min.js [32m200 [0m1.791 ms - 221872[0m
2015-09-01 00:30:37 +08:00: [0mGET /javascripts/index.js [32m200 [0m0.412 ms - 2421[0m
2015-09-01 00:30:37 +08:00: [0mGET /components/distpicker/dist/distpicker.data.min.js [32m200 [0m0.418 ms - 77656[0m
2015-09-01 00:30:37 +08:00: [0mGET /components/distpicker/dist/distpicker.min.js [32m200 [0m0.400 ms - 3111[0m
2015-09-01 00:30:37 +08:00: [0mGET /components/flat-ui/dist/fonts/glyphicons/flat-ui-icons-regular.woff [32m200 [0m0.470 ms - 17844[0m
2015-09-01 00:30:37 +08:00: [0mGET /components/flat-ui/dist/fonts/lato/lato-regular.woff [32m200 [0m0.393 ms - 35464[0m
2015-09-01 00:30:37 +08:00: [0mGET /components/bootstrap/dist/fonts/glyphicons-halflings-regular.woff2 [32m200 [0m0.338 ms - 18028[0m
2015-09-01 00:30:38 +08:00: [0mGET /components/jquery/dist/jquery.min.map [36m304 [0m0.288 ms - -[0m
2015-09-01 00:31:02 +08:00: [0mGET /new [32m200 [0m24.097 ms - 3767[0m
2015-09-01 00:31:03 +08:00: [0mGET /components/bootstrap/dist/css/bootstrap-theme.min.css [32m200 [0m2.089 ms - 23357[0m
2015-09-01 00:31:03 +08:00: [0mGET /components/bootstrap/dist/css/bootstrap.min.css [32m200 [0m2.385 ms - 122540[0m
2015-09-01 00:31:03 +08:00: [0mGET /components/flat-ui/dist/css/flat-ui.min.css [32m200 [0m1.946 ms - 130026[0m
2015-09-01 00:31:03 +08:00: [0mGET /stylesheets/style.css [32m200 [0m2.527 ms - 671[0m
2015-09-01 00:31:03 +08:00: [0mGET /components/bootstrap/dist/js/bootstrap.min.js [32m200 [0m1.843 ms - 36816[0m
2015-09-01 00:31:03 +08:00: [0mGET /components/jquery/dist/jquery.min.js [32m200 [0m1.968 ms - 84380[0m
2015-09-01 00:31:03 +08:00: [0mGET /javascripts/index.js [32m200 [0m1.032 ms - 2421[0m
2015-09-01 00:31:03 +08:00: [0mGET /components/flat-ui/dist/js/flat-ui.min.js [32m200 [0m0.784 ms - 221872[0m
2015-09-01 00:31:03 +08:00: [0mGET /components/distpicker/dist/distpicker.data.min.js [32m200 [0m1.190 ms - 77656[0m
2015-09-01 00:31:03 +08:00: [0mGET /components/distpicker/dist/distpicker.min.js [32m200 [0m0.769 ms - 3111[0m
2015-09-01 00:31:03 +08:00: [0mGET /components/flat-ui/dist/fonts/lato/lato-regular.woff [32m200 [0m1.517 ms - 35464[0m
2015-09-01 00:31:03 +08:00: [0mGET /components/flat-ui/dist/fonts/glyphicons/flat-ui-icons-regular.woff [32m200 [0m0.993 ms - 17844[0m
2015-09-01 00:31:03 +08:00: [0mGET /components/bootstrap/dist/fonts/glyphicons-halflings-regular.woff2 [32m200 [0m1.461 ms - 18028[0m
2015-09-01 00:31:03 +08:00: [0mGET /components/jquery/dist/jquery.min.map [36m304 [0m0.414 ms - -[0m
2015-09-01 00:33:12 +08:00: [0mGET /new [32m200 [0m32.187 ms - 3742[0m
2015-09-01 00:33:13 +08:00: [0mGET /components/bootstrap/dist/css/bootstrap-theme.min.css [32m200 [0m3.142 ms - 23357[0m
2015-09-01 00:33:13 +08:00: [0mGET /components/bootstrap/dist/css/bootstrap.min.css [32m200 [0m3.621 ms - 122540[0m
2015-09-01 00:33:13 +08:00: [0mGET /stylesheets/style.css [32m200 [0m1.898 ms - 671[0m
2015-09-01 00:33:13 +08:00: [0mGET /components/bootstrap/dist/js/bootstrap.min.js [32m200 [0m1.660 ms - 36816[0m
2015-09-01 00:33:13 +08:00: [0mGET /components/jquery/dist/jquery.min.js [32m200 [0m1.749 ms - 84380[0m
2015-09-01 00:33:13 +08:00: [0mGET /components/flat-ui/dist/css/flat-ui.min.css [32m200 [0m2.051 ms - 130026[0m
2015-09-01 00:33:13 +08:00: [0mGET /components/flat-ui/dist/js/flat-ui.min.js [32m200 [0m0.548 ms - 221872[0m
2015-09-01 00:33:13 +08:00: [0mGET /javascripts/index.js [32m200 [0m1.409 ms - 2421[0m
2015-09-01 00:33:13 +08:00: [0mGET /components/distpicker/dist/distpicker.data.min.js [32m200 [0m0.889 ms - 77656[0m
2015-09-01 00:33:13 +08:00: [0mGET /components/distpicker/dist/distpicker.min.js [32m200 [0m0.464 ms - 3111[0m
2015-09-01 00:33:13 +08:00: [0mGET /components/flat-ui/dist/fonts/lato/lato-regular.woff [32m200 [0m0.947 ms - 35464[0m
2015-09-01 00:33:13 +08:00: [0mGET /components/flat-ui/dist/fonts/glyphicons/flat-ui-icons-regular.woff [32m200 [0m1.417 ms - 17844[0m
[0mGET /components/bootstrap/dist/fonts/glyphicons-halflings-regular.woff2 [32m200 [0m0.674 ms - 18028[0m
2015-09-01 00:33:13 +08:00: [0mGET /components/jquery/dist/jquery.min.map [36m304 [0m0.622 ms - -[0m
2015-09-01 00:34:19 +08:00: [0mGET /new [32m200 [0m27.942 ms - 3870[0m
2015-09-01 00:34:19 +08:00: [0mGET /components/bootstrap/dist/css/bootstrap-theme.min.css [32m200 [0m1.897 ms - 23357[0m
2015-09-01 00:34:19 +08:00: [0mGET /stylesheets/style.css [32m200 [0m1.886 ms - 675[0m
2015-09-01 00:34:19 +08:00: [0mGET /components/bootstrap/dist/css/bootstrap.min.css [32m200 [0m2.123 ms - 122540[0m
[0mGET /components/bootstrap/dist/js/bootstrap.min.js [32m200 [0m1.720 ms - 36816[0m
[0mGET /components/flat-ui/dist/css/flat-ui.min.css [32m200 [0m1.782 ms - 130026[0m
[0mGET /components/jquery/dist/jquery.min.js [32m200 [0m1.819 ms - 84380[0m
2015-09-01 00:34:19 +08:00: [0mGET /components/flat-ui/dist/js/flat-ui.min.js [32m200 [0m0.427 ms - 221872[0m
2015-09-01 00:34:19 +08:00: [0mGET /javascripts/index.js [32m200 [0m0.588 ms - 2421[0m
2015-09-01 00:34:19 +08:00: [0mGET /components/distpicker/dist/distpicker.min.js [32m200 [0m1.902 ms - 3111[0m
2015-09-01 00:34:19 +08:00: [0mGET /components/distpicker/dist/distpicker.data.min.js [32m200 [0m2.571 ms - 77656[0m
2015-09-01 00:34:19 +08:00: [0mGET /components/flat-ui/dist/fonts/glyphicons/flat-ui-icons-regular.woff [32m200 [0m1.358 ms - 17844[0m
2015-09-01 00:34:19 +08:00: [0mGET /components/bootstrap/dist/fonts/glyphicons-halflings-regular.woff2 [32m200 [0m0.997 ms - 18028[0m
[0mGET /components/flat-ui/dist/fonts/lato/lato-regular.woff [32m200 [0m1.212 ms - 35464[0m
2015-09-01 00:34:19 +08:00: [0mGET /components/jquery/dist/jquery.min.map [36m304 [0m0.304 ms - -[0m
2015-09-01 00:35:24 +08:00: [0mGET /new [32m200 [0m29.739 ms - 3870[0m
2015-09-01 00:35:24 +08:00: [0mGET /components/bootstrap/dist/css/bootstrap-theme.min.css [32m200 [0m1.561 ms - 23357[0m
2015-09-01 00:35:24 +08:00: [0mGET /components/bootstrap/dist/css/bootstrap.min.css [32m200 [0m1.734 ms - 122540[0m
2015-09-01 00:35:24 +08:00: [0mGET /components/flat-ui/dist/css/flat-ui.min.css [32m200 [0m1.540 ms - 130026[0m
2015-09-01 00:35:24 +08:00: [0mGET /stylesheets/style.css [32m200 [0m2.945 ms - 728[0m
2015-09-01 00:35:24 +08:00: [0mGET /components/bootstrap/dist/js/bootstrap.min.js [32m200 [0m1.994 ms - 36816[0m
2015-09-01 00:35:24 +08:00: [0mGET /components/jquery/dist/jquery.min.js [32m200 [0m2.814 ms - 84380[0m
2015-09-01 00:35:24 +08:00: [0mGET /components/flat-ui/dist/js/flat-ui.min.js [32m200 [0m0.421 ms - 221872[0m
2015-09-01 00:35:24 +08:00: [0mGET /javascripts/index.js [32m200 [0m1.047 ms - 2421[0m
2015-09-01 00:35:24 +08:00: [0mGET /components/distpicker/dist/distpicker.data.min.js [32m200 [0m0.942 ms - 77656[0m
2015-09-01 00:35:24 +08:00: [0mGET /components/distpicker/dist/distpicker.min.js [32m200 [0m0.821 ms - 3111[0m
2015-09-01 00:35:24 +08:00: [0mGET /components/flat-ui/dist/fonts/glyphicons/flat-ui-icons-regular.woff [32m200 [0m0.799 ms - 17844[0m
2015-09-01 00:35:24 +08:00: [0mGET /components/flat-ui/dist/fonts/lato/lato-regular.woff [32m200 [0m0.617 ms - 35464[0m
2015-09-01 00:35:24 +08:00: [0mGET /components/bootstrap/dist/fonts/glyphicons-halflings-regular.woff2 [32m200 [0m0.312 ms - 18028[0m
2015-09-01 00:35:25 +08:00: [0mGET /components/jquery/dist/jquery.min.map [36m304 [0m0.390 ms - -[0m
2015-09-01 00:38:21 +08:00: [0mGET /new [32m200 [0m27.382 ms - 3892[0m
2015-09-01 00:38:22 +08:00: [0mGET /components/bootstrap/dist/css/bootstrap-theme.min.css [32m200 [0m2.228 ms - 23357[0m
2015-09-01 00:38:22 +08:00: [0mGET /stylesheets/style.css [32m200 [0m1.244 ms - 728[0m
2015-09-01 00:38:22 +08:00: [0mGET /components/bootstrap/dist/js/bootstrap.min.js [32m200 [0m2.136 ms - 36816[0m
2015-09-01 00:38:22 +08:00: [0mGET /components/bootstrap/dist/css/bootstrap.min.css [32m200 [0m2.553 ms - 122540[0m
2015-09-01 00:38:22 +08:00: [0mGET /components/jquery/dist/jquery.min.js [32m200 [0m2.023 ms - 84380[0m
[0mGET /components/flat-ui/dist/css/flat-ui.min.css [32m200 [0m2.060 ms - 130026[0m
2015-09-01 00:38:22 +08:00: [0mGET /javascripts/index.js [32m200 [0m1.019 ms - 2421[0m
2015-09-01 00:38:22 +08:00: [0mGET /components/flat-ui/dist/js/flat-ui.min.js [32m200 [0m1.129 ms - 221872[0m
2015-09-01 00:38:22 +08:00: [0mGET /components/distpicker/dist/distpicker.data.min.js [32m200 [0m0.806 ms - 77656[0m
2015-09-01 00:38:22 +08:00: [0mGET /components/distpicker/dist/distpicker.min.js [32m200 [0m0.346 ms - 3111[0m
2015-09-01 00:38:22 +08:00: [0mGET /components/jquery/dist/jquery.min.map [36m304 [0m0.390 ms - -[0m
2015-09-01 00:38:22 +08:00: [0mGET /components/flat-ui/dist/fonts/glyphicons/flat-ui-icons-regular.woff [32m200 [0m0.438 ms - 17844[0m
2015-09-01 00:38:22 +08:00: [0mGET /components/flat-ui/dist/fonts/lato/lato-regular.woff [32m200 [0m0.353 ms - 35464[0m
2015-09-01 00:38:22 +08:00: [0mGET /components/bootstrap/dist/fonts/glyphicons-halflings-regular.woff2 [32m200 [0m0.385 ms - 18028[0m
2015-09-01 00:38:36 +08:00: [0mGET /new [32m200 [0m26.944 ms - 3892[0m
2015-09-01 00:38:36 +08:00: [0mGET /components/bootstrap/dist/css/bootstrap.min.css [32m200 [0m0.599 ms - 122540[0m
2015-09-01 00:38:36 +08:00: [0mGET /components/bootstrap/dist/css/bootstrap-theme.min.css [32m200 [0m1.009 ms - 23357[0m
2015-09-01 00:38:36 +08:00: [0mGET /stylesheets/style.css [32m200 [0m0.675 ms - 728[0m
2015-09-01 00:38:36 +08:00: [0mGET /components/flat-ui/dist/css/flat-ui.min.css [32m200 [0m0.886 ms - 130026[0m
2015-09-01 00:38:36 +08:00: [0mGET /components/bootstrap/dist/js/bootstrap.min.js [32m200 [0m0.693 ms - 36816[0m
2015-09-01 00:38:36 +08:00: [0mGET /components/jquery/dist/jquery.min.js [32m200 [0m0.834 ms - 84380[0m
2015-09-01 00:38:36 +08:00: [0mGET /components/flat-ui/dist/js/flat-ui.min.js [32m200 [0m0.349 ms - 221872[0m
2015-09-01 00:38:36 +08:00: [0mGET /javascripts/index.js [32m200 [0m0.571 ms - 2421[0m
2015-09-01 00:38:36 +08:00: [0mGET /components/distpicker/dist/distpicker.data.min.js [32m200 [0m0.493 ms - 77656[0m
2015-09-01 00:38:36 +08:00: [0mGET /components/distpicker/dist/distpicker.min.js [32m200 [0m0.492 ms - 3111[0m
2015-09-01 00:38:36 +08:00: [0mGET /components/flat-ui/dist/fonts/glyphicons/flat-ui-icons-regular.woff [32m200 [0m1.114 ms - 17844[0m
2015-09-01 00:38:36 +08:00: [0mGET /components/flat-ui/dist/fonts/lato/lato-regular.woff [32m200 [0m0.850 ms - 35464[0m
2015-09-01 00:38:36 +08:00: [0mGET /components/bootstrap/dist/fonts/glyphicons-halflings-regular.woff2 [32m200 [0m0.649 ms - 18028[0m
2015-09-01 00:38:37 +08:00: [0mGET /components/jquery/dist/jquery.min.map [36m304 [0m0.288 ms - -[0m
2015-09-01 00:39:15 +08:00: [0mGET /new [32m200 [0m26.876 ms - 3913[0m
2015-09-01 00:39:15 +08:00: [0mGET /components/bootstrap/dist/css/bootstrap.min.css [32m200 [0m0.797 ms - 122540[0m
2015-09-01 00:39:15 +08:00: [0mGET /stylesheets/style.css [32m200 [0m2.601 ms - 728[0m
2015-09-01 00:39:15 +08:00: [0mGET /components/bootstrap/dist/css/bootstrap-theme.min.css [32m200 [0m3.652 ms - 23357[0m
2015-09-01 00:39:15 +08:00: [0mGET /components/bootstrap/dist/js/bootstrap.min.js [32m200 [0m2.359 ms - 36816[0m
2015-09-01 00:39:15 +08:00: [0mGET /components/flat-ui/dist/css/flat-ui.min.css [32m200 [0m2.812 ms - 130026[0m
2015-09-01 00:39:15 +08:00: [0mGET /components/jquery/dist/jquery.min.js [32m200 [0m2.538 ms - 84380[0m
2015-09-01 00:39:15 +08:00: [0mGET /components/flat-ui/dist/js/flat-ui.min.js [32m200 [0m1.154 ms - 221872[0m
2015-09-01 00:39:15 +08:00: [0mGET /javascripts/index.js [32m200 [0m0.798 ms - 2421[0m
2015-09-01 00:39:15 +08:00: [0mGET /components/distpicker/dist/distpicker.data.min.js [32m200 [0m0.661 ms - 77656[0m
2015-09-01 00:39:15 +08:00: [0mGET /components/distpicker/dist/distpicker.min.js [32m200 [0m0.466 ms - 3111[0m
2015-09-01 00:39:15 +08:00: [0mGET /components/flat-ui/dist/fonts/lato/lato-regular.woff [32m200 [0m0.799 ms - 35464[0m
2015-09-01 00:39:15 +08:00: [0mGET /components/bootstrap/dist/fonts/glyphicons-halflings-regular.woff2 [32m200 [0m0.774 ms - 18028[0m
[0mGET /components/flat-ui/dist/fonts/glyphicons/flat-ui-icons-regular.woff [32m200 [0m1.052 ms - 17844[0m
2015-09-01 00:39:15 +08:00: [0mGET /components/jquery/dist/jquery.min.map [36m304 [0m0.325 ms - -[0m
2015-09-01 00:41:31 +08:00: [0mGET /new [32m200 [0m24.375 ms - 3909[0m
2015-09-01 00:41:31 +08:00: [0mGET /components/bootstrap/dist/css/bootstrap-theme.min.css [32m200 [0m2.396 ms - 23357[0m
2015-09-01 00:41:31 +08:00: [0mGET /stylesheets/style.css [32m200 [0m2.086 ms - 728[0m
2015-09-01 00:41:31 +08:00: [0mGET /components/bootstrap/dist/js/bootstrap.min.js [32m200 [0m1.604 ms - 36816[0m
2015-09-01 00:41:31 +08:00: [0mGET /components/jquery/dist/jquery.min.js [32m200 [0m1.954 ms - 84380[0m
2015-09-01 00:41:31 +08:00: [0mGET /components/flat-ui/dist/css/flat-ui.min.css [32m200 [0m2.292 ms - 130026[0m
2015-09-01 00:41:31 +08:00: [0mGET /components/bootstrap/dist/css/bootstrap.min.css [32m200 [0m2.621 ms - 122540[0m
2015-09-01 00:41:31 +08:00: [0mGET /javascripts/index.js [32m200 [0m1.117 ms - 2421[0m
2015-09-01 00:41:31 +08:00: [0mGET /components/distpicker/dist/distpicker.data.min.js [32m200 [0m0.987 ms - 77656[0m
2015-09-01 00:41:31 +08:00: [0mGET /components/flat-ui/dist/js/flat-ui.min.js [32m200 [0m1.325 ms - 221872[0m
2015-09-01 00:41:31 +08:00: [0mGET /components/distpicker/dist/distpicker.min.js [32m200 [0m0.437 ms - 3111[0m
2015-09-01 00:41:31 +08:00: [0mGET /components/jquery/dist/jquery.min.map [36m304 [0m0.285 ms - -[0m
2015-09-01 00:41:31 +08:00: [0mGET /components/flat-ui/dist/fonts/glyphicons/flat-ui-icons-regular.woff [32m200 [0m4.742 ms - 17844[0m
2015-09-01 00:41:31 +08:00: [0mGET /components/flat-ui/dist/fonts/lato/lato-regular.woff [32m200 [0m4.498 ms - 35464[0m
2015-09-01 00:41:31 +08:00: [0mGET /components/bootstrap/dist/fonts/glyphicons-halflings-regular.woff2 [32m200 [0m0.694 ms - 18028[0m
2015-09-01 00:46:32 +08:00: [0mGET /new [32m200 [0m22.219 ms - 3870[0m
2015-09-01 00:46:32 +08:00: [0mGET /components/bootstrap/dist/css/bootstrap-theme.min.css [32m200 [0m0.728 ms - 23357[0m
2015-09-01 00:46:32 +08:00: [0mGET /components/bootstrap/dist/css/bootstrap.min.css [32m200 [0m0.969 ms - 122540[0m
2015-09-01 00:46:32 +08:00: [0mGET /components/flat-ui/dist/css/flat-ui.min.css [32m200 [0m0.518 ms - 130026[0m
2015-09-01 00:46:32 +08:00: [0mGET /stylesheets/style.css [32m200 [0m0.885 ms - 728[0m
2015-09-01 00:46:32 +08:00: [0mGET /components/bootstrap/dist/js/bootstrap.min.js [32m200 [0m0.710 ms - 36816[0m
2015-09-01 00:46:32 +08:00: [0mGET /components/jquery/dist/jquery.min.js [32m200 [0m0.831 ms - 84380[0m
2015-09-01 00:46:32 +08:00: [0mGET /components/flat-ui/dist/js/flat-ui.min.js [32m200 [0m0.409 ms - 221872[0m
2015-09-01 00:46:32 +08:00: [0mGET /javascripts/index.js [32m200 [0m0.686 ms - 2421[0m
2015-09-01 00:46:32 +08:00: [0mGET /components/distpicker/dist/distpicker.data.min.js [32m200 [0m0.425 ms - 77656[0m
2015-09-01 00:46:32 +08:00: [0mGET /components/distpicker/dist/distpicker.min.js [32m200 [0m0.491 ms - 3111[0m
2015-09-01 00:46:33 +08:00: [0mGET /components/flat-ui/dist/fonts/glyphicons/flat-ui-icons-regular.woff [32m200 [0m0.571 ms - 17844[0m
2015-09-01 00:46:33 +08:00: [0mGET /components/bootstrap/dist/fonts/glyphicons-halflings-regular.woff2 [32m200 [0m0.729 ms - 18028[0m
2015-09-01 00:46:33 +08:00: [0mGET /components/flat-ui/dist/fonts/lato/lato-regular.woff [32m200 [0m0.975 ms - 35464[0m
2015-09-01 00:46:33 +08:00: [0mGET /components/jquery/dist/jquery.min.map [36m304 [0m0.291 ms - -[0m
2015-09-01 00:48:17 +08:00: [0mGET /new [32m200 [0m24.310 ms - 3866[0m
2015-09-01 00:48:17 +08:00: [0mGET /components/bootstrap/dist/css/bootstrap-theme.min.css [32m200 [0m2.000 ms - 23357[0m
2015-09-01 00:48:17 +08:00: [0mGET /components/bootstrap/dist/css/bootstrap.min.css [32m200 [0m1.691 ms - 122540[0m
2015-09-01 00:48:17 +08:00: [0mGET /stylesheets/style.css [32m200 [0m1.580 ms - 728[0m
2015-09-01 00:48:17 +08:00: [0mGET /components/flat-ui/dist/css/flat-ui.min.css [32m200 [0m1.792 ms - 130026[0m
2015-09-01 00:48:17 +08:00: [0mGET /components/bootstrap/dist/js/bootstrap.min.js [32m200 [0m1.378 ms - 36816[0m
2015-09-01 00:48:17 +08:00: [0mGET /components/jquery/dist/jquery.min.js [32m200 [0m1.747 ms - 84380[0m
2015-09-01 00:48:17 +08:00: [0mGET /javascripts/index.js [32m200 [0m1.365 ms - 2421[0m
2015-09-01 00:48:17 +08:00: [0mGET /components/distpicker/dist/distpicker.data.min.js [32m200 [0m1.269 ms - 77656[0m
2015-09-01 00:48:17 +08:00: [0mGET /components/distpicker/dist/distpicker.min.js [32m200 [0m0.991 ms - 3111[0m
2015-09-01 00:48:17 +08:00: [0mGET /components/flat-ui/dist/js/flat-ui.min.js [32m200 [0m1.083 ms - 221872[0m
2015-09-01 00:48:17 +08:00: [0mGET /components/jquery/dist/jquery.min.map [36m304 [0m0.482 ms - -[0m
2015-09-01 00:48:17 +08:00: [0mGET /components/flat-ui/dist/fonts/glyphicons/flat-ui-icons-regular.woff [32m200 [0m0.801 ms - 17844[0m
2015-09-01 00:48:17 +08:00: [0mGET /components/flat-ui/dist/fonts/lato/lato-regular.woff [32m200 [0m0.691 ms - 35464[0m
2015-09-01 00:48:17 +08:00: [0mGET /components/bootstrap/dist/fonts/glyphicons-halflings-regular.woff2 [32m200 [0m0.898 ms - 18028[0m
2015-09-01 00:49:01 +08:00: [0mGET /new [32m200 [0m22.990 ms - 3876[0m
2015-09-01 00:49:01 +08:00: [0mGET /components/bootstrap/dist/css/bootstrap-theme.min.css [32m200 [0m0.785 ms - 23357[0m
2015-09-01 00:49:01 +08:00: [0mGET /components/bootstrap/dist/css/bootstrap.min.css [32m200 [0m1.093 ms - 122540[0m
2015-09-01 00:49:01 +08:00: [0mGET /components/flat-ui/dist/css/flat-ui.min.css [32m200 [0m0.462 ms - 130026[0m
2015-09-01 00:49:01 +08:00: [0mGET /stylesheets/style.css [32m200 [0m1.324 ms - 728[0m
2015-09-01 00:49:01 +08:00: [0mGET /components/bootstrap/dist/js/bootstrap.min.js [32m200 [0m1.045 ms - 36816[0m
2015-09-01 00:49:01 +08:00: [0mGET /components/jquery/dist/jquery.min.js [32m200 [0m1.198 ms - 84380[0m
2015-09-01 00:49:01 +08:00: [0mGET /javascripts/index.js [32m200 [0m0.990 ms - 2421[0m
2015-09-01 00:49:01 +08:00: [0mGET /components/flat-ui/dist/js/flat-ui.min.js [32m200 [0m0.929 ms - 221872[0m
2015-09-01 00:49:01 +08:00: [0mGET /components/distpicker/dist/distpicker.data.min.js [32m200 [0m0.514 ms - 77656[0m
2015-09-01 00:49:01 +08:00: [0mGET /components/distpicker/dist/distpicker.min.js [32m200 [0m0.455 ms - 3111[0m
2015-09-01 00:49:01 +08:00: [0mGET /components/flat-ui/dist/fonts/lato/lato-regular.woff [32m200 [0m0.585 ms - 35464[0m
2015-09-01 00:49:01 +08:00: [0mGET /components/flat-ui/dist/fonts/glyphicons/flat-ui-icons-regular.woff [32m200 [0m1.446 ms - 17844[0m
2015-09-01 00:49:01 +08:00: [0mGET /components/bootstrap/dist/fonts/glyphicons-halflings-regular.woff2 [32m200 [0m0.392 ms - 18028[0m
2015-09-01 00:49:01 +08:00: [0mGET /components/jquery/dist/jquery.min.map [36m304 [0m0.382 ms - -[0m
2015-09-01 00:50:47 +08:00: [0mGET /new [32m200 [0m24.584 ms - 3866[0m
2015-09-01 00:50:47 +08:00: [0mGET /components/bootstrap/dist/css/bootstrap.min.css [36m304 [0m4.157 ms - -[0m
2015-09-01 00:50:47 +08:00: [0mGET /components/bootstrap/dist/css/bootstrap-theme.min.css [36m304 [0m3.918 ms - -[0m
2015-09-01 00:50:47 +08:00: [0mGET /components/flat-ui/dist/css/flat-ui.min.css [36m304 [0m3.770 ms - -[0m
[0mGET /stylesheets/style.css [36m304 [0m3.636 ms - -[0m
[0mGET /components/jquery/dist/jquery.min.js [36m304 [0m3.505 ms - -[0m
2015-09-01 00:50:47 +08:00: [0mGET /components/bootstrap/dist/js/bootstrap.min.js [36m304 [0m1.478 ms - -[0m
2015-09-01 00:50:47 +08:00: [0mGET /components/flat-ui/dist/js/flat-ui.min.js [36m304 [0m1.531 ms - -[0m
2015-09-01 00:50:47 +08:00: [0mGET /components/distpicker/dist/distpicker.min.js [36m304 [0m0.994 ms - -[0m
2015-09-01 00:50:47 +08:00: [0mGET /javascripts/index.js [36m304 [0m1.067 ms - -[0m
2015-09-01 00:50:47 +08:00: [0mGET /components/distpicker/dist/distpicker.data.min.js [36m304 [0m0.952 ms - -[0m
2015-09-01 00:50:47 +08:00: [0mGET /components/flat-ui/dist/fonts/glyphicons/flat-ui-icons-regular.woff [36m304 [0m0.622 ms - -[0m
2015-09-01 00:50:47 +08:00: [0mGET /components/flat-ui/dist/fonts/lato/lato-regular.woff [36m304 [0m0.418 ms - -[0m
2015-09-01 00:50:47 +08:00: [0mGET /components/bootstrap/dist/fonts/glyphicons-halflings-regular.woff2 [36m304 [0m0.245 ms - -[0m
2015-09-01 00:50:55 +08:00: [0mGET /components/bootstrap/dist/css/bootstrap.min.css [36m304 [0m1.307 ms - -[0m
2015-09-01 00:50:55 +08:00: [0mGET /components/bootstrap/dist/css/bootstrap-theme.min.css [36m304 [0m1.178 ms - -[0m
2015-09-01 00:50:55 +08:00: [0mGET /components/flat-ui/dist/css/flat-ui.min.css [36m304 [0m1.044 ms - -[0m
2015-09-01 00:50:55 +08:00: [0mGET /stylesheets/style.css [36m304 [0m0.883 ms - -[0m
2015-09-01 00:50:55 +08:00: [0mGET /components/jquery/dist/jquery.min.map [36m304 [0m0.331 ms - -[0m
2015-09-01 00:51:24 +08:00: [0mGET /new [32m200 [0m25.242 ms - 3866[0m
2015-09-01 00:51:24 +08:00: [0mGET /components/bootstrap/dist/css/bootstrap-theme.min.css [32m200 [0m1.435 ms - 23357[0m
2015-09-01 00:51:24 +08:00: [0mGET /stylesheets/style.css [32m200 [0m1.057 ms - 728[0m
2015-09-01 00:51:24 +08:00: [0mGET /components/bootstrap/dist/css/bootstrap.min.css [32m200 [0m1.690 ms - 122540[0m
2015-09-01 00:51:24 +08:00: [0mGET /components/flat-ui/dist/css/flat-ui.min.css [32m200 [0m1.407 ms - 130026[0m
2015-09-01 00:51:24 +08:00: [0mGET /components/bootstrap/dist/js/bootstrap.min.js [32m200 [0m2.584 ms - 36816[0m
2015-09-01 00:51:24 +08:00: [0mGET /components/jquery/dist/jquery.min.js [32m200 [0m2.663 ms - 84380[0m
2015-09-01 00:51:24 +08:00: [0mGET /javascripts/index.js [32m200 [0m0.683 ms - 2421[0m
2015-09-01 00:51:24 +08:00: [0mGET /components/distpicker/dist/distpicker.data.min.js [32m200 [0m0.469 ms - 77656[0m
2015-09-01 00:51:24 +08:00: [0mGET /components/distpicker/dist/distpicker.min.js [32m200 [0m0.649 ms - 3111[0m
2015-09-01 00:51:24 +08:00: [0mGET /components/flat-ui/dist/fonts/glyphicons/flat-ui-icons-regular.woff [32m200 [0m2.010 ms - 17844[0m
2015-09-01 00:51:24 +08:00: [0mGET /components/bootstrap/dist/fonts/glyphicons-halflings-regular.woff2 [32m200 [0m0.585 ms - 18028[0m
2015-09-01 00:51:24 +08:00: [0mGET /components/flat-ui/dist/fonts/lato/lato-regular.woff [32m200 [0m1.220 ms - 35464[0m
2015-09-01 00:51:24 +08:00: [0mGET /components/jquery/dist/jquery.min.map [36m304 [0m0.287 ms - -[0m
2015-09-01 00:51:24 +08:00: [0mGET /components/flat-ui/dist/js/flat-ui.min.js [32m200 [0m1.813 ms - 221872[0m
2015-09-01 00:51:39 +08:00: [0mGET /new [32m200 [0m24.283 ms - 3866[0m
2015-09-01 00:51:39 +08:00: [0mGET /components/bootstrap/dist/css/bootstrap.min.css [32m200 [0m0.555 ms - 122540[0m
2015-09-01 00:51:39 +08:00: [0mGET /components/bootstrap/dist/css/bootstrap-theme.min.css [32m200 [0m1.827 ms - 23357[0m
2015-09-01 00:51:39 +08:00: [0mGET /stylesheets/style.css [32m200 [0m1.234 ms - 728[0m
2015-09-01 00:51:39 +08:00: [0mGET /components/flat-ui/dist/css/flat-ui.min.css [32m200 [0m1.393 ms - 130026[0m
2015-09-01 00:51:39 +08:00: [0mGET /components/bootstrap/dist/js/bootstrap.min.js [32m200 [0m1.041 ms - 36816[0m
2015-09-01 00:51:39 +08:00: [0mGET /components/jquery/dist/jquery.min.js [32m200 [0m1.157 ms - 84380[0m
2015-09-01 00:51:39 +08:00: [0mGET /javascripts/index.js [32m200 [0m1.554 ms - 2421[0m
2015-09-01 00:51:39 +08:00: [0mGET /components/distpicker/dist/distpicker.data.min.js [32m200 [0m1.410 ms - 77656[0m
2015-09-01 00:51:39 +08:00: [0mGET /components/distpicker/dist/distpicker.min.js [32m200 [0m1.082 ms - 3111[0m
2015-09-01 00:51:39 +08:00: [0mGET /components/flat-ui/dist/js/flat-ui.min.js [32m200 [0m1.680 ms - 221872[0m
2015-09-01 00:51:39 +08:00: [0mGET /components/flat-ui/dist/fonts/lato/lato-regular.woff [32m200 [0m0.336 ms - 35464[0m
2015-09-01 00:51:39 +08:00: [0mGET /components/flat-ui/dist/fonts/glyphicons/flat-ui-icons-regular.woff [32m200 [0m0.795 ms - 17844[0m
2015-09-01 00:51:39 +08:00: [0mGET /components/bootstrap/dist/fonts/glyphicons-halflings-regular.woff2 [32m200 [0m0.276 ms - 18028[0m
2015-09-01 00:51:39 +08:00: [0mGET /components/jquery/dist/jquery.min.map [36m304 [0m0.432 ms - -[0m
2015-09-01 00:52:36 +08:00: [0mGET /new [32m200 [0m24.314 ms - 3781[0m
2015-09-01 00:52:36 +08:00: [0mGET /stylesheets/style.css [32m200 [0m1.372 ms - 728[0m
2015-09-01 00:52:36 +08:00: [0mGET /components/flat-ui/dist/css/flat-ui.min.css [32m200 [0m1.729 ms - 130026[0m
2015-09-01 00:52:36 +08:00: [0mGET /components/bootstrap/dist/js/bootstrap.min.js [32m200 [0m1.321 ms - 36816[0m
2015-09-01 00:52:36 +08:00: [0mGET /components/bootstrap/dist/css/bootstrap.min.css [32m200 [0m1.849 ms - 122540[0m
2015-09-01 00:52:36 +08:00: [0mGET /components/jquery/dist/jquery.min.js [32m200 [0m1.510 ms - 84380[0m
2015-09-01 00:52:36 +08:00: [0mGET /components/flat-ui/dist/js/flat-ui.min.js [32m200 [0m1.235 ms - 221872[0m
2015-09-01 00:52:36 +08:00: [0mGET /javascripts/index.js [32m200 [0m0.398 ms - 2421[0m
2015-09-01 00:52:36 +08:00: [0mGET /components/distpicker/dist/distpicker.data.min.js [32m200 [0m0.573 ms - 77656[0m
2015-09-01 00:52:36 +08:00: [0mGET /components/distpicker/dist/distpicker.min.js [32m200 [0m0.381 ms - 3111[0m
2015-09-01 00:52:36 +08:00: [0mGET /components/flat-ui/dist/fonts/glyphicons/flat-ui-icons-regular.woff [32m200 [0m0.586 ms - 17844[0m
2015-09-01 00:52:36 +08:00: [0mGET /components/flat-ui/dist/fonts/lato/lato-regular.woff [32m200 [0m0.885 ms - 35464[0m
2015-09-01 00:52:36 +08:00: [0mGET /components/bootstrap/dist/fonts/glyphicons-halflings-regular.woff2 [32m200 [0m0.766 ms - 18028[0m
2015-09-01 00:52:36 +08:00: [0mGET /components/jquery/dist/jquery.min.map [36m304 [0m0.375 ms - -[0m
2015-09-01 00:52:44 +08:00: [0mGET / [32m200 [0m13.026 ms - 1006[0m
2015-09-01 00:52:45 +08:00: [0mGET /stylesheets/style.css [32m200 [0m1.943 ms - 728[0m
2015-09-01 00:52:45 +08:00: [0mGET /components/flat-ui/dist/css/flat-ui.min.css [32m200 [0m2.420 ms - 130026[0m
2015-09-01 00:52:45 +08:00: [0mGET /components/jquery/dist/jquery.min.js [32m200 [0m2.197 ms - 84380[0m
2015-09-01 00:52:45 +08:00: [0mGET /components/bootstrap/dist/css/bootstrap.min.css [32m200 [0m2.486 ms - 122540[0m
2015-09-01 00:52:45 +08:00: [0mGET /components/bootstrap/dist/js/bootstrap.min.js [32m200 [0m2.363 ms - 36816[0m
2015-09-01 00:52:45 +08:00: [0mGET /components/flat-ui/dist/js/flat-ui.min.js [32m200 [0m2.161 ms - 221872[0m
2015-09-01 00:52:45 +08:00: [0mGET /javascripts/index.js [32m200 [0m0.359 ms - 2421[0m
2015-09-01 00:52:45 +08:00: [0mGET /components/bootstrap/dist/fonts/glyphicons-halflings-regular.woff2 [32m200 [0m0.465 ms - 18028[0m
2015-09-01 00:52:45 +08:00: [0mGET /components/jquery/dist/jquery.min.map [36m304 [0m0.278 ms - -[0m
2015-09-01 00:52:47 +08:00: [0mGET /new [32m200 [0m21.956 ms - 3781[0m
2015-09-01 00:52:47 +08:00: [0mGET /stylesheets/style.css [32m200 [0m1.766 ms - 728[0m
2015-09-01 00:52:47 +08:00: [0mGET /components/flat-ui/dist/css/flat-ui.min.css [32m200 [0m1.224 ms - 130026[0m
2015-09-01 00:52:47 +08:00: [0mGET /components/bootstrap/dist/css/bootstrap.min.css [32m200 [0m1.481 ms - 122540[0m
2015-09-01 00:52:47 +08:00: [0mGET /components/jquery/dist/jquery.min.js [32m200 [0m1.894 ms - 84380[0m
2015-09-01 00:52:47 +08:00: [0mGET /components/bootstrap/dist/js/bootstrap.min.js [32m200 [0m1.566 ms - 36816[0m
2015-09-01 00:52:47 +08:00: [0mGET /components/flat-ui/dist/js/flat-ui.min.js [32m200 [0m1.379 ms - 221872[0m
2015-09-01 00:52:47 +08:00: [0mGET /javascripts/index.js [32m200 [0m0.409 ms - 2421[0m
2015-09-01 00:52:47 +08:00: [0mGET /components/distpicker/dist/distpicker.data.min.js [32m200 [0m0.461 ms - 77656[0m
2015-09-01 00:52:47 +08:00: [0mGET /components/distpicker/dist/distpicker.min.js [32m200 [0m0.465 ms - 3111[0m
2015-09-01 00:52:48 +08:00: [0mGET /components/flat-ui/dist/fonts/glyphicons/flat-ui-icons-regular.woff [32m200 [0m1.657 ms - 17844[0m
2015-09-01 00:52:48 +08:00: [0mGET /components/flat-ui/dist/fonts/lato/lato-regular.woff [32m200 [0m2.075 ms - 35464[0m
2015-09-01 00:52:48 +08:00: [0mGET /components/bootstrap/dist/fonts/glyphicons-halflings-regular.woff2 [32m200 [0m1.480 ms - 18028[0m
2015-09-01 00:52:48 +08:00: [0mGET /components/jquery/dist/jquery.min.map [36m304 [0m0.569 ms - -[0m
